[2022-04-29 01:08:31.981] [exthost] [info] Extension host with pid 26062 started
[2022-04-29 01:08:31.981] [exthost] [info] Skipping acquiring lock for /home/sako/.config/Code - OSS/User/workspaceStorage/60c551141855a8f4883cbc07e412c009.
[2022-04-29 01:08:32.048] [exthost] [info] ExtensionService#_doActivateExtension vscode.debug-auto-launch, startup: true, activationEvent: '*'
[2022-04-29 01:08:32.053] [exthost] [info] ExtensionService#_doActivateExtension vscode.git-base, startup: true, activationEvent: '*', root cause: vscode.git
[2022-04-29 01:08:32.056] [exthost] [info] ExtensionService#_doActivateExtension vscode.ipynb, startup: true, activationEvent: '*'
[2022-04-29 01:08:32.134] [exthost] [info] ExtensionService#_doActivateExtension vscode.git, startup: true, activationEvent: '*'
[2022-04-29 01:08:32.188] [exthost] [info] ExtensionService#_doActivateExtension vscode.github, startup: true, activationEvent: '*'
[2022-04-29 01:08:32.222] [exthost] [info] Eager extensions activated
[2022-04-29 01:08:32.244] [exthost] [info] ExtensionService#_doActivateExtension vscode.emmet, startup: false, activationEvent: 'onStartupFinished'
[2022-04-29 01:08:32.257] [exthost] [info] ExtensionService#_doActivateExtension vscode.merge-conflict, startup: false, activationEvent: 'onStartupFinished'
[2022-04-29 01:08:37.830] [exthost] [info] extension host terminating: renderer closed the socket
[2022-04-29 01:08:37.835] [exthost] [info] Extension host with pid 26062 exiting with code 0
[2022-04-29 01:08:38.651] [exthost] [info] Extension host with pid 26300 started
[2022-04-29 01:08:38.686] [exthost] [info] ExtensionService#_doActivateExtension vscode.debug-auto-launch, startup: true, activationEvent: '*'
[2022-04-29 01:08:38.690] [exthost] [info] ExtensionService#_doActivateExtension vscode.git-base, startup: true, activationEvent: '*', root cause: vscode.git
[2022-04-29 01:08:38.693] [exthost] [info] ExtensionService#_doActivateExtension vscode.ipynb, startup: true, activationEvent: '*'
[2022-04-29 01:08:38.717] [exthost] [info] ExtensionService#_doActivateExtension vscode.git, startup: true, activationEvent: '*'
[2022-04-29 01:08:38.766] [exthost] [info] ExtensionService#_doActivateExtension vscode.github, startup: true, activationEvent: '*'
[2022-04-29 01:08:38.793] [exthost] [info] Eager extensions activated
[2022-04-29 01:08:38.804] [exthost] [info] ExtensionService#_doActivateExtension vscode.emmet, startup: false, activationEvent: 'onStartupFinished'
[2022-04-29 01:08:38.816] [exthost] [info] ExtensionService#_doActivateExtension vscode.merge-conflict, startup: false, activationEvent: 'onStartupFinished'
[2022-04-29 01:08:57.659] [exthost] [info] extension host terminating: renderer closed the socket
[2022-04-29 01:08:57.662] [exthost] [info] Extension host with pid 26300 exiting with code 0
[2022-04-29 01:08:59.109] [exthost] [info] Extension host with pid 26841 started
[2022-04-29 01:08:59.109] [exthost] [info] Skipping acquiring lock for /home/sako/.config/Code - OSS/User/workspaceStorage/d33753fcbcbf5acfbb41c0ade22622de.
[2022-04-29 01:08:59.175] [exthost] [info] ExtensionService#_doActivateExtension vscode.configuration-editing, startup: false, activationEvent: 'onLanguage:jsonc'
[2022-04-29 01:08:59.182] [exthost] [info] ExtensionService#_doActivateExtension vscode.json-language-features, startup: false, activationEvent: 'onLanguage:jsonc'
[2022-04-29 01:08:59.234] [exthost] [info] ExtensionService#_doActivateExtension vscode.typescript-language-features, startup: false, activationEvent: 'onLanguage:jsonc'
[2022-04-29 01:08:59.275] [exthost] [info] ExtensionService#_doActivateExtension vscode.debug-auto-launch, startup: true, activationEvent: '*'
[2022-04-29 01:08:59.278] [exthost] [info] ExtensionService#_doActivateExtension vscode.git-base, startup: true, activationEvent: '*', root cause: vscode.git
[2022-04-29 01:08:59.280] [exthost] [info] ExtensionService#_doActivateExtension vscode.ipynb, startup: true, activationEvent: '*'
[2022-04-29 01:08:59.364] [exthost] [info] ExtensionService#_doActivateExtension vscode.git, startup: true, activationEvent: '*'
[2022-04-29 01:08:59.416] [exthost] [info] ExtensionService#_doActivateExtension vscode.github, startup: true, activationEvent: '*'
[2022-04-29 01:08:59.444] [exthost] [info] Eager extensions activated
[2022-04-29 01:08:59.461] [exthost] [info] ExtensionService#_doActivateExtension vscode.emmet, startup: false, activationEvent: 'onStartupFinished'
[2022-04-29 01:08:59.474] [exthost] [info] ExtensionService#_doActivateExtension vscode.merge-conflict, startup: false, activationEvent: 'onStartupFinished'
[2022-04-29 01:20:01.788] [exthost] [info] extension host terminating: renderer closed the socket
[2022-04-29 01:20:01.795] [exthost] [info] Extension host with pid 26841 exiting with code 0
