{"level":30,"time":"2022-05-04T19:04:44.262Z","msg":"app ready"}
{"level":30,"time":"2022-05-04T19:04:44.262Z","msg":"starting version 5.41.0"}
{"level":30,"time":"2022-05-04T19:04:44.262Z","msg":"media access status [object Undefined] [object Undefined]"}
{"level":30,"time":"2022-05-04T19:04:44.264Z","msg":"got fast spellcheck setting true"}
{"level":30,"time":"2022-05-04T19:04:44.265Z","msg":"getSystemTraySetting had no flags and did no DB lookups. Returning DoNotUseSystemTray"}
{"level":30,"time":"2022-05-04T19:04:44.265Z","msg":"Initializing BrowserWindow config: {\"show\":false,\"width\":1898,\"height\":1038,\"minWidth\":712,\"minHeight\":550,\"autoHideMenuBar\":false,\"titleBarStyle\":\"default\",\"backgroundColor\":\"#3a76f0\",\"webPreferences\":{\"devTools\":false,\"spellcheck\":true,\"nodeIntegration\":false,\"nodeIntegrationInWorker\":false,\"contextIsolation\":false,\"preload\":\"[REDACTED]/preload.bundle.js\",\"nativeWindowOpen\":true,\"backgroundThrottling\":false,\"enablePreferredSizeMode\":true},\"icon\":\"[REDACTED]/images/signal-logo-desktop-linux.png\",\"x\":11,\"y\":31}"}
{"level":30,"time":"2022-05-04T19:04:44.350Z","msg":"spellcheck: user locale: en"}
{"level":30,"time":"2022-05-04T19:04:44.350Z","msg":"spellcheck: available spellchecker languages:  [\"af\",\"bg\",\"ca\",\"cs\",\"cy\",\"da\",\"de\",\"de-DE\",\"el\",\"en-AU\",\"en-CA\",\"en-GB\",\"en-GB-oxendict\",\"en-US\",\"es\",\"es-419\",\"es-AR\",\"es-ES\",\"es-MX\",\"es-US\",\"et\",\"fa\",\"fo\",\"fr\",\"fr-FR\",\"he\",\"hi\",\"hr\",\"hu\",\"hy\",\"id\",\"it\",\"it-IT\",\"ko\",\"lt\",\"lv\",\"nb\",\"nl\",\"pl\",\"pt\",\"pt-BR\",\"pt-PT\",\"ro\",\"ru\",\"sh\",\"sk\",\"sl\",\"sq\",\"sr\",\"sv\",\"ta\",\"tg\",\"tr\",\"uk\",\"vi\"]"}
{"level":30,"time":"2022-05-04T19:04:44.350Z","msg":"spellcheck: setting languages to:  [\"en-AU\",\"en-CA\",\"en-GB\",\"en-GB-oxendict\",\"en-US\"]"}
{"level":30,"time":"2022-05-04T19:04:44.361Z","msg":"MainSQL: updateSchema:\n  Current user_version: 55;\n  Most recent db schema: 55;\n  SQLite version: 3.37.2;\n  SQLCipher version: 4.5.1 community;\n  (deprecated) schema_version: 257;\n"}
{"level":30,"time":"2022-05-04T19:04:44.362Z","msg":"got fast spellcheck setting true"}
{"level":30,"time":"2022-05-04T19:04:44.369Z","msg":"System tray service: created"}
{"level":30,"time":"2022-05-04T19:04:44.370Z","msg":"System tray service: updating main window. Previously, there was not a window, and now there is"}
{"level":30,"time":"2022-05-04T19:04:44.370Z","msg":"System tray service: rendering no tray"}
{"level":30,"time":"2022-05-04T19:04:44.370Z","msg":"Begin ensuring permissions"}
{"level":30,"time":"2022-05-04T19:04:44.374Z","msg":"Ensuring file permissions for 4 files"}
{"level":30,"time":"2022-05-04T19:04:44.375Z","msg":"Finish ensuring permissions in 5ms"}
{"level":30,"time":"2022-05-04T19:04:45.528Z","msg":"main window is ready-to-show"}
{"level":30,"time":"2022-05-04T19:04:45.529Z","msg":"showing main window"}
{"level":30,"time":"2022-05-04T19:04:45.531Z","msg":"System tray service: rendering no tray"}
{"level":30,"time":"2022-05-04T19:04:45.887Z","msg":"MainSQL: removeKnownAttachments: About to iterate through 278 messages"}
{"level":30,"time":"2022-05-04T19:04:45.904Z","msg":"MainSQL: removeKnownAttachments: Done processing 278 messages"}
{"level":30,"time":"2022-05-04T19:04:45.905Z","msg":"MainSQL: removeKnownAttachments: About to iterate through 135 conversations"}
{"level":30,"time":"2022-05-04T19:04:45.910Z","msg":"MainSQL: removeKnownAttachments: Done processing 135 conversations"}
{"level":30,"time":"2022-05-04T19:04:45.912Z","msg":"deleteAll: deleted 6 files"}
{"level":30,"time":"2022-05-04T19:04:45.913Z","msg":"deleteAllBadges: deleted 0 files"}
{"level":30,"time":"2022-05-04T19:04:45.934Z","msg":"MainSQL: removeKnownStickers: About to iterate through 992 stickers"}
{"level":30,"time":"2022-05-04T19:04:45.938Z","msg":"MainSQL: removeKnownStickers: Done processing 992 stickers"}
{"level":30,"time":"2022-05-04T19:04:45.942Z","msg":"deleteAllStickers: deleted 30 files"}
{"level":30,"time":"2022-05-04T19:04:45.944Z","msg":"MainSQL: removeKnownDraftAttachments: About to iterate through 135 conversations"}
{"level":30,"time":"2022-05-04T19:04:45.945Z","msg":"MainSQL: removeKnownDraftAttachments: Done processing 135 conversations"}
{"level":30,"time":"2022-05-04T19:04:45.945Z","msg":"deleteAllDraftAttachments: deleted 0 files"}
{"level":30,"time":"2022-05-04T19:04:45.946Z","msg":"Begin ensuring permissions"}
{"level":30,"time":"2022-05-04T19:04:45.946Z","msg":"sending `database-ready`"}
{"level":30,"time":"2022-05-04T19:04:45.968Z","msg":"Ensuring file permissions for 1726 files"}
{"level":50,"time":"2022-05-04T19:04:45.970Z","msg":"ensureFilePermissions: Error from chmod ENOENT: no such file or directory, chmod '[REDACTED]/SingletonCookie'"}
{"level":50,"time":"2022-05-04T19:04:45.971Z","msg":"ensureFilePermissions: Error from chmod ENOENT: no such file or directory, chmod '[REDACTED]/SingletonLock'"}
{"level":30,"time":"2022-05-04T19:04:46.024Z","msg":"Finish ensuring permissions in 78ms"}
{"level":30,"time":"2022-05-04T19:04:46.034Z","msg":"Updating BrowserWindow config: %s {\"maximized\":false,\"autoHideMenuBar\":false,\"fullscreen\":false,\"width\":1848,\"height\":988,\"x\":36,\"y\":56}"}
{"level":30,"time":"2022-05-04T19:04:46.035Z","msg":"config/set: Saving ephemeral config to disk"}
{"level":30,"time":"2022-05-04T19:04:46.035Z","msg":"config/set: Saved ephemeral config to disk"}
{"level":30,"time":"2022-05-04T19:04:46.046Z","msg":"Prevent display sleep service: allowing display sleep"}
{"level":30,"time":"2022-05-04T19:05:11.403Z","msg":"Updating BrowserWindow config: %s {\"maximized\":false,\"autoHideMenuBar\":false,\"fullscreen\":false,\"width\":1848,\"height\":988,\"x\":-3699,\"y\":56}"}
{"level":30,"time":"2022-05-04T19:05:11.404Z","msg":"config/set: Saving ephemeral config to disk"}
{"level":30,"time":"2022-05-04T19:05:11.404Z","msg":"config/set: Saved ephemeral config to disk"}
{"level":30,"time":"2022-05-04T19:05:12.629Z","msg":"Updating BrowserWindow config: %s {\"maximized\":false,\"autoHideMenuBar\":false,\"fullscreen\":false,\"width\":1848,\"height\":988,\"x\":36,\"y\":56}"}
{"level":30,"time":"2022-05-04T19:05:12.629Z","msg":"config/set: Saving ephemeral config to disk"}
{"level":30,"time":"2022-05-04T19:05:12.630Z","msg":"config/set: Saved ephemeral config to disk"}
{"level":30,"time":"2022-05-04T19:05:14.022Z","msg":"Updating BrowserWindow config: %s {\"maximized\":false,\"autoHideMenuBar\":false,\"fullscreen\":false,\"width\":1848,\"height\":550,\"x\":35,\"y\":567}"}
{"level":30,"time":"2022-05-04T19:05:14.022Z","msg":"config/set: Saving ephemeral config to disk"}
{"level":30,"time":"2022-05-04T19:05:14.023Z","msg":"config/set: Saved ephemeral config to disk"}
{"level":30,"time":"2022-05-04T19:05:21.439Z","msg":"Updating BrowserWindow config: %s {\"maximized\":false,\"autoHideMenuBar\":false,\"fullscreen\":false,\"width\":1848,\"height\":988,\"x\":35,\"y\":55}"}
{"level":30,"time":"2022-05-04T19:05:21.440Z","msg":"config/set: Saving ephemeral config to disk"}
{"level":30,"time":"2022-05-04T19:05:21.440Z","msg":"config/set: Saved ephemeral config to disk"}
{"level":30,"time":"2022-05-04T19:05:22.304Z","msg":"Updating BrowserWindow config: %s {\"maximized\":false,\"autoHideMenuBar\":false,\"fullscreen\":false,\"width\":1848,\"height\":550,\"x\":35,\"y\":567}"}
{"level":30,"time":"2022-05-04T19:05:22.305Z","msg":"config/set: Saving ephemeral config to disk"}
{"level":30,"time":"2022-05-04T19:05:22.306Z","msg":"config/set: Saved ephemeral config to disk"}
{"level":30,"time":"2022-05-04T19:05:59.926Z","msg":"Updating BrowserWindow config: %s {\"maximized\":false,\"autoHideMenuBar\":false,\"fullscreen\":false,\"width\":1848,\"height\":988,\"x\":35,\"y\":55}"}
{"level":30,"time":"2022-05-04T19:05:59.926Z","msg":"config/set: Saving ephemeral config to disk"}
{"level":30,"time":"2022-05-04T19:05:59.927Z","msg":"config/set: Saved ephemeral config to disk"}
{"level":30,"time":"2022-05-04T19:06:00.866Z","msg":"Updating BrowserWindow config: %s {\"maximized\":false,\"autoHideMenuBar\":false,\"fullscreen\":false,\"width\":1848,\"height\":988,\"x\":-3699,\"y\":56}"}
{"level":30,"time":"2022-05-04T19:06:00.867Z","msg":"config/set: Saving ephemeral config to disk"}
{"level":30,"time":"2022-05-04T19:06:00.867Z","msg":"config/set: Saved ephemeral config to disk"}
{"level":30,"time":"2022-05-04T19:06:02.408Z","msg":"Updating BrowserWindow config: %s {\"maximized\":false,\"autoHideMenuBar\":false,\"fullscreen\":false,\"width\":1848,\"height\":550,\"x\":35,\"y\":567}"}
{"level":30,"time":"2022-05-04T19:06:02.409Z","msg":"config/set: Saving ephemeral config to disk"}
{"level":30,"time":"2022-05-04T19:06:02.410Z","msg":"config/set: Saved ephemeral config to disk"}
{"level":30,"time":"2022-05-04T19:07:24.862Z","msg":"updater/start: Updates disabled - not starting new version checks"}
{"level":30,"time":"2022-05-04T19:07:24.892Z","msg":"App loaded - time: 160636"}
{"level":30,"time":"2022-05-04T19:07:24.892Z","msg":"SQL init - time: 105"}
{"level":30,"time":"2022-05-04T19:07:24.892Z","msg":"Preload - time: 671"}
{"level":30,"time":"2022-05-04T19:07:24.892Z","msg":"WebSocket connect - time: 158452"}
{"level":30,"time":"2022-05-04T19:07:24.892Z","msg":"Processed count: 62"}
{"level":30,"time":"2022-05-04T19:07:24.892Z","msg":"Messages per second: 40.97818902842036"}
{"level":30,"time":"2022-05-04T19:07:28.644Z","msg":"Updating BrowserWindow config: %s {\"maximized\":false,\"autoHideMenuBar\":false,\"fullscreen\":false,\"width\":1848,\"height\":988,\"x\":36,\"y\":56}"}
{"level":30,"time":"2022-05-04T19:07:28.645Z","msg":"config/set: Saving ephemeral config to disk"}
{"level":30,"time":"2022-05-04T19:07:28.645Z","msg":"config/set: Saved ephemeral config to disk"}
{"level":30,"time":"2022-05-04T19:22:43.249Z","msg":"close event {\"readyForShutdown\":false,\"shouldQuit\":false}"}
{"level":30,"time":"2022-05-04T19:22:43.250Z","msg":"System tray service: rendering no tray"}
{"level":30,"time":"2022-05-04T19:22:43.251Z","msg":"requestShutdown: Requesting close of mainWindow..."}
{"level":30,"time":"2022-05-04T19:22:43.294Z","msg":"requestShutdown: Response received"}
{"level":30,"time":"2022-05-04T19:22:43.300Z","msg":"before-quit event {\"readyForShutdown\":true,\"shouldQuit\":false}"}
{"level":30,"time":"2022-05-04T19:22:43.300Z","msg":"System tray service: markShouldQuit"}
{"level":30,"time":"2022-05-04T19:22:43.301Z","msg":"close event {\"readyForShutdown\":true,\"shouldQuit\":true}"}
{"level":30,"time":"2022-05-04T19:22:43.312Z","msg":"System tray service: updating main window. Previously, there was a window, and now there is not"}
{"level":30,"time":"2022-05-04T19:22:43.312Z","msg":"System tray service: rendering no tray"}
{"level":30,"time":"2022-05-04T19:42:11.742Z","msg":"app ready"}
{"level":30,"time":"2022-05-04T19:42:11.743Z","msg":"starting version 5.41.0"}
{"level":30,"time":"2022-05-04T19:42:11.743Z","msg":"media access status [object Undefined] [object Undefined]"}
{"level":30,"time":"2022-05-04T19:42:11.744Z","msg":"got fast spellcheck setting true"}
{"level":30,"time":"2022-05-04T19:42:11.745Z","msg":"getSystemTraySetting had no flags and did no DB lookups. Returning DoNotUseSystemTray"}
{"level":30,"time":"2022-05-04T19:42:11.745Z","msg":"Initializing BrowserWindow config: {\"show\":false,\"width\":1848,\"height\":988,\"minWidth\":712,\"minHeight\":550,\"autoHideMenuBar\":false,\"titleBarStyle\":\"default\",\"backgroundColor\":\"#3a76f0\",\"webPreferences\":{\"devTools\":false,\"spellcheck\":true,\"nodeIntegration\":false,\"nodeIntegrationInWorker\":false,\"contextIsolation\":false,\"preload\":\"[REDACTED]/preload.bundle.js\",\"nativeWindowOpen\":true,\"backgroundThrottling\":false,\"enablePreferredSizeMode\":true},\"icon\":\"[REDACTED]/images/signal-logo-desktop-linux.png\",\"x\":36,\"y\":56}"}
{"level":30,"time":"2022-05-04T19:42:11.805Z","msg":"spellcheck: user locale: en"}
{"level":30,"time":"2022-05-04T19:42:11.805Z","msg":"spellcheck: available spellchecker languages:  [\"af\",\"bg\",\"ca\",\"cs\",\"cy\",\"da\",\"de\",\"de-DE\",\"el\",\"en-AU\",\"en-CA\",\"en-GB\",\"en-GB-oxendict\",\"en-US\",\"es\",\"es-419\",\"es-AR\",\"es-ES\",\"es-MX\",\"es-US\",\"et\",\"fa\",\"fo\",\"fr\",\"fr-FR\",\"he\",\"hi\",\"hr\",\"hu\",\"hy\",\"id\",\"it\",\"it-IT\",\"ko\",\"lt\",\"lv\",\"nb\",\"nl\",\"pl\",\"pt\",\"pt-BR\",\"pt-PT\",\"ro\",\"ru\",\"sh\",\"sk\",\"sl\",\"sq\",\"sr\",\"sv\",\"ta\",\"tg\",\"tr\",\"uk\",\"vi\"]"}
{"level":30,"time":"2022-05-04T19:42:11.805Z","msg":"spellcheck: setting languages to:  [\"en-AU\",\"en-CA\",\"en-GB\",\"en-GB-oxendict\",\"en-US\"]"}
{"level":30,"time":"2022-05-04T19:42:11.812Z","msg":"MainSQL: updateSchema:\n  Current user_version: 55;\n  Most recent db schema: 55;\n  SQLite version: 3.37.2;\n  SQLCipher version: 4.5.1 community;\n  (deprecated) schema_version: 257;\n"}
{"level":30,"time":"2022-05-04T19:42:11.813Z","msg":"got fast spellcheck setting true"}
{"level":30,"time":"2022-05-04T19:42:11.819Z","msg":"System tray service: created"}
{"level":30,"time":"2022-05-04T19:42:11.820Z","msg":"System tray service: updating main window. Previously, there was not a window, and now there is"}
{"level":30,"time":"2022-05-04T19:42:11.820Z","msg":"System tray service: rendering no tray"}
{"level":30,"time":"2022-05-04T19:42:11.820Z","msg":"Begin ensuring permissions"}
{"level":30,"time":"2022-05-04T19:42:11.823Z","msg":"Ensuring file permissions for 4 files"}
{"level":30,"time":"2022-05-04T19:42:11.824Z","msg":"Finish ensuring permissions in 4ms"}
{"level":30,"time":"2022-05-04T19:42:12.706Z","msg":"main window is ready-to-show"}
{"level":30,"time":"2022-05-04T19:42:12.706Z","msg":"showing main window"}
{"level":30,"time":"2022-05-04T19:42:12.708Z","msg":"System tray service: rendering no tray"}
{"level":30,"time":"2022-05-04T19:42:13.038Z","msg":"sending `database-ready`"}
{"level":30,"time":"2022-05-04T19:42:13.143Z","msg":"Prevent display sleep service: allowing display sleep"}
{"level":30,"time":"2022-05-04T19:42:13.211Z","msg":"Updating BrowserWindow config: %s {\"maximized\":false,\"autoHideMenuBar\":false,\"fullscreen\":false,\"width\":1898,\"height\":1038,\"x\":11,\"y\":31}"}
{"level":30,"time":"2022-05-04T19:42:13.212Z","msg":"config/set: Saving ephemeral config to disk"}
{"level":30,"time":"2022-05-04T19:42:13.212Z","msg":"config/set: Saved ephemeral config to disk"}
{"level":30,"time":"2022-05-04T19:42:14.369Z","msg":"updater/start: Updates disabled - not starting new version checks"}
{"level":30,"time":"2022-05-04T19:42:14.421Z","msg":"App loaded - time: 2682"}
{"level":30,"time":"2022-05-04T19:42:14.421Z","msg":"SQL init - time: 74"}
{"level":30,"time":"2022-05-04T19:42:14.421Z","msg":"Preload - time: 573"}
{"level":30,"time":"2022-05-04T19:42:14.421Z","msg":"WebSocket connect - time: 1066"}
{"level":30,"time":"2022-05-04T19:42:14.421Z","msg":"Processed count: 6"}
{"level":30,"time":"2022-05-04T19:42:14.421Z","msg":"Messages per second: 5.752636625119846"}
{"level":30,"time":"2022-05-04T19:42:15.548Z","msg":"Updating BrowserWindow config: %s {\"maximized\":false,\"autoHideMenuBar\":false,\"fullscreen\":false,\"width\":1898,\"height\":1038,\"x\":11,\"y\":31}"}
{"level":30,"time":"2022-05-04T19:42:15.549Z","msg":"config/set: Saving ephemeral config to disk"}
{"level":30,"time":"2022-05-04T19:42:15.550Z","msg":"config/set: Saved ephemeral config to disk"}
{"level":30,"time":"2022-05-04T19:42:22.513Z","msg":"close event {\"readyForShutdown\":false,\"shouldQuit\":false}"}
{"level":30,"time":"2022-05-04T19:42:22.514Z","msg":"System tray service: rendering no tray"}
{"level":30,"time":"2022-05-04T19:42:22.514Z","msg":"requestShutdown: Requesting close of mainWindow..."}
{"level":30,"time":"2022-05-04T19:42:22.535Z","msg":"requestShutdown: Response received"}
{"level":30,"time":"2022-05-04T19:42:22.537Z","msg":"before-quit event {\"readyForShutdown\":true,\"shouldQuit\":false}"}
{"level":30,"time":"2022-05-04T19:42:22.537Z","msg":"System tray service: markShouldQuit"}
{"level":30,"time":"2022-05-04T19:42:22.537Z","msg":"close event {\"readyForShutdown\":true,\"shouldQuit\":true}"}
{"level":30,"time":"2022-05-04T19:42:22.542Z","msg":"System tray service: updating main window. Previously, there was a window, and now there is not"}
{"level":30,"time":"2022-05-04T19:44:41.732Z","msg":"app ready"}
{"level":30,"time":"2022-05-04T19:44:41.732Z","msg":"starting version 5.41.0"}
{"level":30,"time":"2022-05-04T19:44:41.732Z","msg":"media access status [object Undefined] [object Undefined]"}
{"level":30,"time":"2022-05-04T19:44:41.734Z","msg":"got fast spellcheck setting true"}
{"level":30,"time":"2022-05-04T19:44:41.735Z","msg":"getSystemTraySetting had no flags and did no DB lookups. Returning DoNotUseSystemTray"}
{"level":30,"time":"2022-05-04T19:44:41.735Z","msg":"Initializing BrowserWindow config: {\"show\":false,\"width\":1898,\"height\":1038,\"minWidth\":712,\"minHeight\":550,\"autoHideMenuBar\":false,\"titleBarStyle\":\"default\",\"backgroundColor\":\"#3a76f0\",\"webPreferences\":{\"devTools\":false,\"spellcheck\":true,\"nodeIntegration\":false,\"nodeIntegrationInWorker\":false,\"contextIsolation\":false,\"preload\":\"[REDACTED]/preload.bundle.js\",\"nativeWindowOpen\":true,\"backgroundThrottling\":false,\"enablePreferredSizeMode\":true},\"icon\":\"[REDACTED]/images/signal-logo-desktop-linux.png\",\"x\":11,\"y\":31}"}
{"level":30,"time":"2022-05-04T19:44:41.794Z","msg":"spellcheck: user locale: en"}
{"level":30,"time":"2022-05-04T19:44:41.794Z","msg":"spellcheck: available spellchecker languages:  [\"af\",\"bg\",\"ca\",\"cs\",\"cy\",\"da\",\"de\",\"de-DE\",\"el\",\"en-AU\",\"en-CA\",\"en-GB\",\"en-GB-oxendict\",\"en-US\",\"es\",\"es-419\",\"es-AR\",\"es-ES\",\"es-MX\",\"es-US\",\"et\",\"fa\",\"fo\",\"fr\",\"fr-FR\",\"he\",\"hi\",\"hr\",\"hu\",\"hy\",\"id\",\"it\",\"it-IT\",\"ko\",\"lt\",\"lv\",\"nb\",\"nl\",\"pl\",\"pt\",\"pt-BR\",\"pt-PT\",\"ro\",\"ru\",\"sh\",\"sk\",\"sl\",\"sq\",\"sr\",\"sv\",\"ta\",\"tg\",\"tr\",\"uk\",\"vi\"]"}
{"level":30,"time":"2022-05-04T19:44:41.794Z","msg":"spellcheck: setting languages to:  [\"en-AU\",\"en-CA\",\"en-GB\",\"en-GB-oxendict\",\"en-US\"]"}
{"level":30,"time":"2022-05-04T19:44:41.802Z","msg":"MainSQL: updateSchema:\n  Current user_version: 55;\n  Most recent db schema: 55;\n  SQLite version: 3.37.2;\n  SQLCipher version: 4.5.1 community;\n  (deprecated) schema_version: 257;\n"}
{"level":30,"time":"2022-05-04T19:44:41.802Z","msg":"got fast spellcheck setting true"}
{"level":30,"time":"2022-05-04T19:44:41.809Z","msg":"System tray service: created"}
{"level":30,"time":"2022-05-04T19:44:41.809Z","msg":"System tray service: updating main window. Previously, there was not a window, and now there is"}
{"level":30,"time":"2022-05-04T19:44:41.809Z","msg":"System tray service: rendering no tray"}
{"level":30,"time":"2022-05-04T19:44:41.809Z","msg":"Begin ensuring permissions"}
{"level":30,"time":"2022-05-04T19:44:41.812Z","msg":"Ensuring file permissions for 4 files"}
{"level":30,"time":"2022-05-04T19:44:41.813Z","msg":"Finish ensuring permissions in 4ms"}
{"level":30,"time":"2022-05-04T19:44:42.687Z","msg":"main window is ready-to-show"}
{"level":30,"time":"2022-05-04T19:44:42.688Z","msg":"showing main window"}
{"level":30,"time":"2022-05-04T19:44:42.689Z","msg":"System tray service: rendering no tray"}
{"level":30,"time":"2022-05-04T19:44:43.021Z","msg":"sending `database-ready`"}
{"level":30,"time":"2022-05-04T19:44:43.113Z","msg":"Prevent display sleep service: allowing display sleep"}
{"level":30,"time":"2022-05-04T19:44:43.192Z","msg":"Updating BrowserWindow config: %s {\"maximized\":false,\"autoHideMenuBar\":false,\"fullscreen\":false,\"width\":1898,\"height\":1038,\"x\":11,\"y\":31}"}
{"level":30,"time":"2022-05-04T19:44:43.194Z","msg":"config/set: Saving ephemeral config to disk"}
{"level":30,"time":"2022-05-04T19:44:43.195Z","msg":"config/set: Saved ephemeral config to disk"}
{"level":30,"time":"2022-05-04T19:44:43.972Z","msg":"updater/start: Updates disabled - not starting new version checks"}
{"level":30,"time":"2022-05-04T19:44:43.998Z","msg":"App loaded - time: 2269"}
{"level":30,"time":"2022-05-04T19:44:43.998Z","msg":"SQL init - time: 73"}
{"level":30,"time":"2022-05-04T19:44:43.998Z","msg":"Preload - time: 565"}
{"level":30,"time":"2022-05-04T19:44:43.998Z","msg":"WebSocket connect - time: 1052"}
{"level":30,"time":"2022-05-04T19:44:43.998Z","msg":"Processed count: 0"}
{"level":30,"time":"2022-05-04T19:44:43.998Z","msg":"Messages per second: 0"}
{"level":30,"time":"2022-05-04T19:44:47.433Z","msg":"close event {\"readyForShutdown\":false,\"shouldQuit\":false}"}
{"level":30,"time":"2022-05-04T19:44:47.434Z","msg":"System tray service: rendering no tray"}
{"level":30,"time":"2022-05-04T19:44:47.435Z","msg":"requestShutdown: Requesting close of mainWindow..."}
{"level":30,"time":"2022-05-04T19:44:47.474Z","msg":"requestShutdown: Response received"}
{"level":30,"time":"2022-05-04T19:44:47.482Z","msg":"before-quit event {\"readyForShutdown\":true,\"shouldQuit\":false}"}
{"level":30,"time":"2022-05-04T19:44:47.482Z","msg":"System tray service: markShouldQuit"}
{"level":30,"time":"2022-05-04T19:44:47.483Z","msg":"close event {\"readyForShutdown\":true,\"shouldQuit\":true}"}
{"level":30,"time":"2022-05-04T19:44:47.491Z","msg":"System tray service: updating main window. Previously, there was a window, and now there is not"}
{"level":30,"time":"2022-05-04T19:44:47.491Z","msg":"System tray service: rendering no tray"}
{"level":30,"time":"2022-05-04T19:45:40.860Z","msg":"app ready"}
{"level":30,"time":"2022-05-04T19:45:40.860Z","msg":"starting version 5.41.0"}
{"level":30,"time":"2022-05-04T19:45:40.861Z","msg":"media access status [object Undefined] [object Undefined]"}
{"level":30,"time":"2022-05-04T19:45:40.862Z","msg":"got fast spellcheck setting true"}
{"level":30,"time":"2022-05-04T19:45:40.863Z","msg":"getSystemTraySetting had no flags and did no DB lookups. Returning DoNotUseSystemTray"}
{"level":30,"time":"2022-05-04T19:45:40.863Z","msg":"Initializing BrowserWindow config: {\"show\":false,\"width\":1898,\"height\":1038,\"minWidth\":712,\"minHeight\":550,\"autoHideMenuBar\":false,\"titleBarStyle\":\"default\",\"backgroundColor\":\"#3a76f0\",\"webPreferences\":{\"devTools\":false,\"spellcheck\":true,\"nodeIntegration\":false,\"nodeIntegrationInWorker\":false,\"contextIsolation\":false,\"preload\":\"[REDACTED]/preload.bundle.js\",\"nativeWindowOpen\":true,\"backgroundThrottling\":false,\"enablePreferredSizeMode\":true},\"icon\":\"[REDACTED]/images/signal-logo-desktop-linux.png\",\"x\":11,\"y\":31}"}
{"level":30,"time":"2022-05-04T19:45:40.923Z","msg":"spellcheck: user locale: en"}
{"level":30,"time":"2022-05-04T19:45:40.923Z","msg":"spellcheck: available spellchecker languages:  [\"af\",\"bg\",\"ca\",\"cs\",\"cy\",\"da\",\"de\",\"de-DE\",\"el\",\"en-AU\",\"en-CA\",\"en-GB\",\"en-GB-oxendict\",\"en-US\",\"es\",\"es-419\",\"es-AR\",\"es-ES\",\"es-MX\",\"es-US\",\"et\",\"fa\",\"fo\",\"fr\",\"fr-FR\",\"he\",\"hi\",\"hr\",\"hu\",\"hy\",\"id\",\"it\",\"it-IT\",\"ko\",\"lt\",\"lv\",\"nb\",\"nl\",\"pl\",\"pt\",\"pt-BR\",\"pt-PT\",\"ro\",\"ru\",\"sh\",\"sk\",\"sl\",\"sq\",\"sr\",\"sv\",\"ta\",\"tg\",\"tr\",\"uk\",\"vi\"]"}
{"level":30,"time":"2022-05-04T19:45:40.923Z","msg":"spellcheck: setting languages to:  [\"en-AU\",\"en-CA\",\"en-GB\",\"en-GB-oxendict\",\"en-US\"]"}
{"level":30,"time":"2022-05-04T19:45:40.932Z","msg":"MainSQL: updateSchema:\n  Current user_version: 55;\n  Most recent db schema: 55;\n  SQLite version: 3.37.2;\n  SQLCipher version: 4.5.1 community;\n  (deprecated) schema_version: 257;\n"}
{"level":30,"time":"2022-05-04T19:45:40.932Z","msg":"got fast spellcheck setting true"}
{"level":30,"time":"2022-05-04T19:45:40.938Z","msg":"System tray service: created"}
{"level":30,"time":"2022-05-04T19:45:40.939Z","msg":"System tray service: updating main window. Previously, there was not a window, and now there is"}
{"level":30,"time":"2022-05-04T19:45:40.939Z","msg":"System tray service: rendering no tray"}
{"level":30,"time":"2022-05-04T19:45:40.939Z","msg":"Begin ensuring permissions"}
{"level":30,"time":"2022-05-04T19:45:40.941Z","msg":"Ensuring file permissions for 4 files"}
{"level":30,"time":"2022-05-04T19:45:40.943Z","msg":"Finish ensuring permissions in 3ms"}
{"level":30,"time":"2022-05-04T19:45:41.828Z","msg":"main window is ready-to-show"}
{"level":30,"time":"2022-05-04T19:45:41.828Z","msg":"showing main window"}
{"level":30,"time":"2022-05-04T19:45:41.829Z","msg":"System tray service: rendering no tray"}
{"level":30,"time":"2022-05-04T19:45:42.161Z","msg":"sending `database-ready`"}
{"level":30,"time":"2022-05-04T19:45:42.254Z","msg":"Prevent display sleep service: allowing display sleep"}
{"level":30,"time":"2022-05-04T19:45:42.333Z","msg":"Updating BrowserWindow config: %s {\"maximized\":false,\"autoHideMenuBar\":false,\"fullscreen\":false,\"width\":1898,\"height\":1038,\"x\":11,\"y\":31}"}
{"level":30,"time":"2022-05-04T19:45:42.337Z","msg":"config/set: Saving ephemeral config to disk"}
{"level":30,"time":"2022-05-04T19:45:42.338Z","msg":"config/set: Saved ephemeral config to disk"}
{"level":30,"time":"2022-05-04T19:45:43.284Z","msg":"updater/start: Updates disabled - not starting new version checks"}
{"level":30,"time":"2022-05-04T19:45:43.333Z","msg":"App loaded - time: 2476"}
{"level":30,"time":"2022-05-04T19:45:43.334Z","msg":"SQL init - time: 75"}
{"level":30,"time":"2022-05-04T19:45:43.334Z","msg":"Preload - time: 573"}
{"level":30,"time":"2022-05-04T19:45:43.334Z","msg":"WebSocket connect - time: 1005"}
{"level":30,"time":"2022-05-04T19:45:43.334Z","msg":"Processed count: 1"}
{"level":30,"time":"2022-05-04T19:45:43.334Z","msg":"Messages per second: 1.1135857461024499"}
{"level":30,"time":"2022-05-04T19:45:43.823Z","msg":"Updating BrowserWindow config: %s {\"maximized\":false,\"autoHideMenuBar\":false,\"fullscreen\":false,\"width\":1898,\"height\":1038,\"x\":-3799,\"y\":31}"}
{"level":30,"time":"2022-05-04T19:45:43.824Z","msg":"config/set: Saving ephemeral config to disk"}
{"level":30,"time":"2022-05-04T19:45:43.825Z","msg":"config/set: Saved ephemeral config to disk"}
{"level":30,"time":"2022-05-04T19:45:52.957Z","msg":"Updating BrowserWindow config: %s {\"maximized\":false,\"autoHideMenuBar\":false,\"fullscreen\":false,\"width\":1898,\"height\":1038,\"x\":11,\"y\":31}"}
{"level":30,"time":"2022-05-04T19:45:52.957Z","msg":"config/set: Saving ephemeral config to disk"}
{"level":30,"time":"2022-05-04T19:45:52.958Z","msg":"config/set: Saved ephemeral config to disk"}
{"level":30,"time":"2022-05-04T19:45:57.557Z","msg":"Updating BrowserWindow config: %s {\"maximized\":false,\"autoHideMenuBar\":false,\"fullscreen\":false,\"width\":1898,\"height\":1038,\"x\":11,\"y\":31}"}
{"level":30,"time":"2022-05-04T19:45:57.557Z","msg":"config/set: Saving ephemeral config to disk"}
{"level":30,"time":"2022-05-04T19:45:57.557Z","msg":"config/set: Saved ephemeral config to disk"}
{"level":30,"time":"2022-05-04T19:46:00.516Z","msg":"Updating BrowserWindow config: %s {\"maximized\":false,\"autoHideMenuBar\":false,\"fullscreen\":false,\"width\":1898,\"height\":1038,\"x\":-3799,\"y\":31}"}
{"level":30,"time":"2022-05-04T19:46:00.517Z","msg":"config/set: Saving ephemeral config to disk"}
{"level":30,"time":"2022-05-04T19:46:00.517Z","msg":"config/set: Saved ephemeral config to disk"}
{"level":30,"time":"2022-05-04T20:19:16.827Z","msg":"Updating BrowserWindow config: %s {\"maximized\":false,\"autoHideMenuBar\":false,\"fullscreen\":false,\"width\":1898,\"height\":1038,\"x\":11,\"y\":31}"}
{"level":30,"time":"2022-05-04T20:19:16.828Z","msg":"config/set: Saving ephemeral config to disk"}
{"level":30,"time":"2022-05-04T20:19:16.828Z","msg":"config/set: Saved ephemeral config to disk"}
{"level":30,"time":"2022-05-04T20:19:17.569Z","msg":"close event {\"readyForShutdown\":false,\"shouldQuit\":false}"}
{"level":30,"time":"2022-05-04T20:19:17.570Z","msg":"System tray service: rendering no tray"}
{"level":30,"time":"2022-05-04T20:19:17.570Z","msg":"requestShutdown: Requesting close of mainWindow..."}
{"level":30,"time":"2022-05-04T20:19:17.598Z","msg":"requestShutdown: Response received"}
{"level":30,"time":"2022-05-04T20:19:17.600Z","msg":"before-quit event {\"readyForShutdown\":true,\"shouldQuit\":false}"}
{"level":30,"time":"2022-05-04T20:19:17.600Z","msg":"System tray service: markShouldQuit"}
{"level":30,"time":"2022-05-04T20:19:17.600Z","msg":"close event {\"readyForShutdown\":true,\"shouldQuit\":true}"}
{"level":30,"time":"2022-05-04T20:19:17.603Z","msg":"System tray service: updating main window. Previously, there was a window, and now there is not"}
{"level":30,"time":"2022-05-04T20:19:17.603Z","msg":"System tray service: rendering no tray"}
{"level":30,"time":"2022-05-05T16:15:32.027Z","pid":495,"hostname":"punisher","msg":"app ready"}
{"level":30,"time":"2022-05-05T16:15:32.027Z","pid":495,"hostname":"punisher","msg":"starting version 5.41.0"}
{"level":30,"time":"2022-05-05T16:15:32.027Z","pid":495,"hostname":"punisher","msg":"media access status [object Undefined] [object Undefined]"}
{"level":30,"time":"2022-05-05T16:15:32.029Z","pid":495,"hostname":"punisher","msg":"got fast spellcheck setting true"}
{"level":30,"time":"2022-05-05T16:15:32.029Z","pid":495,"hostname":"punisher","msg":"getSystemTraySetting had no flags and did no DB lookups. Returning DoNotUseSystemTray"}
{"level":30,"time":"2022-05-05T16:15:32.030Z","pid":495,"hostname":"punisher","msg":"Initializing BrowserWindow config: {\"show\":false,\"width\":1898,\"height\":1038,\"minWidth\":712,\"minHeight\":550,\"autoHideMenuBar\":false,\"titleBarStyle\":\"default\",\"backgroundColor\":\"#3a76f0\",\"webPreferences\":{\"devTools\":false,\"spellcheck\":true,\"nodeIntegration\":false,\"nodeIntegrationInWorker\":false,\"contextIsolation\":false,\"preload\":\"[REDACTED]/preload.bundle.js\",\"nativeWindowOpen\":true,\"backgroundThrottling\":false,\"enablePreferredSizeMode\":true},\"icon\":\"[REDACTED]/images/signal-logo-desktop-linux.png\",\"x\":11,\"y\":31}"}
{"level":30,"time":"2022-05-05T16:15:32.112Z","pid":495,"hostname":"punisher","msg":"spellcheck: user locale: en"}
{"level":30,"time":"2022-05-05T16:15:32.112Z","pid":495,"hostname":"punisher","msg":"spellcheck: available spellchecker languages:  [\"af\",\"bg\",\"ca\",\"cs\",\"cy\",\"da\",\"de\",\"de-DE\",\"el\",\"en-AU\",\"en-CA\",\"en-GB\",\"en-GB-oxendict\",\"en-US\",\"es\",\"es-419\",\"es-AR\",\"es-ES\",\"es-MX\",\"es-US\",\"et\",\"fa\",\"fo\",\"fr\",\"fr-FR\",\"he\",\"hi\",\"hr\",\"hu\",\"hy\",\"id\",\"it\",\"it-IT\",\"ko\",\"lt\",\"lv\",\"nb\",\"nl\",\"pl\",\"pt\",\"pt-BR\",\"pt-PT\",\"ro\",\"ru\",\"sh\",\"sk\",\"sl\",\"sq\",\"sr\",\"sv\",\"ta\",\"tg\",\"tr\",\"uk\",\"vi\"]"}
{"level":30,"time":"2022-05-05T16:15:32.112Z","pid":495,"hostname":"punisher","msg":"spellcheck: setting languages to:  [\"en-AU\",\"en-CA\",\"en-GB\",\"en-GB-oxendict\",\"en-US\"]"}
{"level":30,"time":"2022-05-05T16:15:32.146Z","pid":495,"hostname":"punisher","msg":"MainSQL: updateSchema:\n  Current user_version: 55;\n  Most recent db schema: 55;\n  SQLite version: 3.37.2;\n  SQLCipher version: 4.5.1 community;\n  (deprecated) schema_version: 257;\n"}
{"level":30,"time":"2022-05-05T16:15:32.146Z","pid":495,"hostname":"punisher","msg":"got fast spellcheck setting true"}
{"level":30,"time":"2022-05-05T16:15:32.155Z","pid":495,"hostname":"punisher","msg":"System tray service: created"}
{"level":30,"time":"2022-05-05T16:15:32.155Z","pid":495,"hostname":"punisher","msg":"System tray service: updating main window. Previously, there was not a window, and now there is"}
{"level":30,"time":"2022-05-05T16:15:32.155Z","pid":495,"hostname":"punisher","msg":"System tray service: rendering no tray"}
{"level":30,"time":"2022-05-05T16:15:32.155Z","pid":495,"hostname":"punisher","msg":"Begin ensuring permissions"}
{"level":30,"time":"2022-05-05T16:15:32.159Z","pid":495,"hostname":"punisher","msg":"Ensuring file permissions for 4 files"}
{"level":30,"time":"2022-05-05T16:15:32.160Z","pid":495,"hostname":"punisher","msg":"Finish ensuring permissions in 5ms"}
{"level":30,"time":"2022-05-05T16:15:33.257Z","pid":495,"hostname":"punisher","msg":"main window is ready-to-show"}
{"level":30,"time":"2022-05-05T16:15:33.257Z","pid":495,"hostname":"punisher","msg":"showing main window"}
{"level":30,"time":"2022-05-05T16:15:33.258Z","pid":495,"hostname":"punisher","msg":"System tray service: rendering no tray"}
{"level":30,"time":"2022-05-05T16:15:33.606Z","pid":495,"hostname":"punisher","msg":"sending `database-ready`"}
{"level":30,"time":"2022-05-05T16:15:33.717Z","pid":495,"hostname":"punisher","msg":"Prevent display sleep service: allowing display sleep"}
{"level":30,"time":"2022-05-05T16:15:33.762Z","pid":495,"hostname":"punisher","msg":"Updating BrowserWindow config: %s {\"maximized\":false,\"autoHideMenuBar\":false,\"fullscreen\":false,\"width\":1830,\"height\":970,\"x\":45,\"y\":65}"}
{"level":30,"time":"2022-05-05T16:15:33.766Z","pid":495,"hostname":"punisher","msg":"config/set: Saving ephemeral config to disk"}
{"level":30,"time":"2022-05-05T16:15:33.767Z","pid":495,"hostname":"punisher","msg":"config/set: Saved ephemeral config to disk"}
{"level":30,"time":"2022-05-05T16:15:34.997Z","pid":495,"hostname":"punisher","msg":"updater/start: Updates disabled - not starting new version checks"}
{"level":30,"time":"2022-05-05T16:15:35.044Z","pid":495,"hostname":"punisher","msg":"App loaded - time: 3020"}
{"level":30,"time":"2022-05-05T16:15:35.044Z","pid":495,"hostname":"punisher","msg":"SQL init - time: 122"}
{"level":30,"time":"2022-05-05T16:15:35.044Z","pid":495,"hostname":"punisher","msg":"Preload - time: 639"}
{"level":30,"time":"2022-05-05T16:15:35.044Z","pid":495,"hostname":"punisher","msg":"WebSocket connect - time: 1058"}
{"level":30,"time":"2022-05-05T16:15:35.044Z","pid":495,"hostname":"punisher","msg":"Processed count: 7"}
{"level":30,"time":"2022-05-05T16:15:35.044Z","pid":495,"hostname":"punisher","msg":"Messages per second: 5.291005291005291"}
{"level":30,"time":"2022-05-05T16:15:39.556Z","pid":495,"hostname":"punisher","msg":"Updating BrowserWindow config: %s {\"maximized\":false,\"autoHideMenuBar\":false,\"fullscreen\":false,\"width\":1830,\"height\":970,\"x\":-3663,\"y\":65}"}
{"level":30,"time":"2022-05-05T16:15:39.557Z","pid":495,"hostname":"punisher","msg":"config/set: Saving ephemeral config to disk"}
{"level":30,"time":"2022-05-05T16:15:39.557Z","pid":495,"hostname":"punisher","msg":"config/set: Saved ephemeral config to disk"}
{"level":30,"time":"2022-05-05T16:15:54.387Z","pid":495,"hostname":"punisher","msg":"Updating BrowserWindow config: %s {\"maximized\":false,\"autoHideMenuBar\":false,\"fullscreen\":false,\"width\":1830,\"height\":970,\"x\":45,\"y\":65}"}
{"level":30,"time":"2022-05-05T16:15:54.388Z","pid":495,"hostname":"punisher","msg":"config/set: Saving ephemeral config to disk"}
{"level":30,"time":"2022-05-05T16:15:54.388Z","pid":495,"hostname":"punisher","msg":"config/set: Saved ephemeral config to disk"}
{"level":30,"time":"2022-05-05T16:16:08.923Z","pid":495,"hostname":"punisher","msg":"Updating BrowserWindow config: %s {\"maximized\":false,\"autoHideMenuBar\":false,\"fullscreen\":false,\"width\":1830,\"height\":970,\"x\":-3663,\"y\":65}"}
{"level":30,"time":"2022-05-05T16:16:08.924Z","pid":495,"hostname":"punisher","msg":"config/set: Saving ephemeral config to disk"}
{"level":30,"time":"2022-05-05T16:16:08.925Z","pid":495,"hostname":"punisher","msg":"config/set: Saved ephemeral config to disk"}
{"level":30,"time":"2022-05-05T16:17:38.826Z","pid":495,"hostname":"punisher","msg":"System tray service: setting unread count to 1"}
{"level":30,"time":"2022-05-05T16:17:38.826Z","pid":495,"hostname":"punisher","msg":"System tray service: rendering no tray"}
{"level":30,"time":"2022-05-05T16:17:38.936Z","pid":495,"hostname":"punisher","msg":"Approving request for permission 'notifications'"}
{"level":30,"time":"2022-05-05T16:17:43.488Z","pid":495,"hostname":"punisher","msg":"Updating BrowserWindow config: %s {\"maximized\":false,\"autoHideMenuBar\":false,\"fullscreen\":false,\"width\":1830,\"height\":970,\"x\":45,\"y\":65}"}
{"level":30,"time":"2022-05-05T16:17:43.488Z","pid":495,"hostname":"punisher","msg":"config/set: Saving ephemeral config to disk"}
{"level":30,"time":"2022-05-05T16:17:43.488Z","pid":495,"hostname":"punisher","msg":"config/set: Saved ephemeral config to disk"}
{"level":30,"time":"2022-05-05T16:17:44.033Z","pid":495,"hostname":"punisher","msg":"System tray service: setting unread count to 0"}
{"level":30,"time":"2022-05-05T16:17:44.033Z","pid":495,"hostname":"punisher","msg":"System tray service: rendering no tray"}
{"level":30,"time":"2022-05-05T16:17:45.950Z","pid":495,"hostname":"punisher","msg":"Updating BrowserWindow config: %s {\"maximized\":false,\"autoHideMenuBar\":false,\"fullscreen\":false,\"width\":1830,\"height\":970,\"x\":-3663,\"y\":65}"}
{"level":30,"time":"2022-05-05T16:17:45.950Z","pid":495,"hostname":"punisher","msg":"config/set: Saving ephemeral config to disk"}
{"level":30,"time":"2022-05-05T16:17:45.951Z","pid":495,"hostname":"punisher","msg":"config/set: Saved ephemeral config to disk"}
{"level":30,"time":"2022-05-05T16:18:45.395Z","pid":495,"hostname":"punisher","msg":"System tray service: setting unread count to 1"}
{"level":30,"time":"2022-05-05T16:18:45.396Z","pid":495,"hostname":"punisher","msg":"System tray service: rendering no tray"}
{"level":30,"time":"2022-05-05T16:18:45.508Z","pid":495,"hostname":"punisher","msg":"Approving request for permission 'notifications'"}
{"level":30,"time":"2022-05-05T16:18:52.667Z","pid":495,"hostname":"punisher","msg":"MainSQL: slow query insertSentProto duration=199ms"}
{"level":30,"time":"2022-05-05T16:18:52.777Z","pid":495,"hostname":"punisher","msg":"System tray service: setting unread count to 2"}
{"level":30,"time":"2022-05-05T16:18:52.777Z","pid":495,"hostname":"punisher","msg":"System tray service: rendering no tray"}
{"level":30,"time":"2022-05-05T16:18:52.895Z","pid":495,"hostname":"punisher","msg":"Approving request for permission 'notifications'"}
{"level":30,"time":"2022-05-05T16:19:30.355Z","pid":495,"hostname":"punisher","msg":"System tray service: setting unread count to 3"}
{"level":30,"time":"2022-05-05T16:19:30.356Z","pid":495,"hostname":"punisher","msg":"System tray service: rendering no tray"}
{"level":30,"time":"2022-05-05T16:19:30.472Z","pid":495,"hostname":"punisher","msg":"Approving request for permission 'notifications'"}
{"level":30,"time":"2022-05-05T16:28:58.679Z","pid":495,"hostname":"punisher","msg":"Updating BrowserWindow config: %s {\"maximized\":false,\"autoHideMenuBar\":false,\"fullscreen\":false,\"width\":1830,\"height\":970,\"x\":45,\"y\":65}"}
{"level":30,"time":"2022-05-05T16:28:58.679Z","pid":495,"hostname":"punisher","msg":"config/set: Saving ephemeral config to disk"}
{"level":30,"time":"2022-05-05T16:28:58.680Z","pid":495,"hostname":"punisher","msg":"config/set: Saved ephemeral config to disk"}
{"level":30,"time":"2022-05-05T16:28:59.251Z","pid":495,"hostname":"punisher","msg":"System tray service: setting unread count to 0"}
{"level":30,"time":"2022-05-05T16:28:59.252Z","pid":495,"hostname":"punisher","msg":"System tray service: rendering no tray"}
{"level":30,"time":"2022-05-05T16:29:31.387Z","pid":495,"hostname":"punisher","msg":"close event {\"readyForShutdown\":false,\"shouldQuit\":false}"}
{"level":30,"time":"2022-05-05T16:29:31.388Z","pid":495,"hostname":"punisher","msg":"System tray service: rendering no tray"}
{"level":30,"time":"2022-05-05T16:29:31.389Z","pid":495,"hostname":"punisher","msg":"requestShutdown: Requesting close of mainWindow..."}
{"level":30,"time":"2022-05-05T16:29:31.433Z","pid":495,"hostname":"punisher","msg":"requestShutdown: Response received"}
{"level":30,"time":"2022-05-05T16:29:31.438Z","pid":495,"hostname":"punisher","msg":"before-quit event {\"readyForShutdown\":true,\"shouldQuit\":false}"}
{"level":30,"time":"2022-05-05T16:29:31.439Z","pid":495,"hostname":"punisher","msg":"System tray service: markShouldQuit"}
{"level":30,"time":"2022-05-05T16:29:31.439Z","pid":495,"hostname":"punisher","msg":"close event {\"readyForShutdown\":true,\"shouldQuit\":true}"}
{"level":30,"time":"2022-05-05T16:29:31.449Z","pid":495,"hostname":"punisher","msg":"System tray service: updating main window. Previously, there was a window, and now there is not"}
{"level":30,"time":"2022-05-05T16:29:31.450Z","pid":495,"hostname":"punisher","msg":"System tray service: rendering no tray"}
{"level":30,"time":"2022-05-05T17:01:01.538Z","pid":27110,"hostname":"punisher","msg":"app ready"}
{"level":30,"time":"2022-05-05T17:01:01.538Z","pid":27110,"hostname":"punisher","msg":"starting version 5.41.0"}
{"level":30,"time":"2022-05-05T17:01:01.539Z","pid":27110,"hostname":"punisher","msg":"media access status [object Undefined] [object Undefined]"}
{"level":30,"time":"2022-05-05T17:01:01.540Z","pid":27110,"hostname":"punisher","msg":"got fast spellcheck setting true"}
{"level":30,"time":"2022-05-05T17:01:01.541Z","pid":27110,"hostname":"punisher","msg":"getSystemTraySetting had no flags and did no DB lookups. Returning DoNotUseSystemTray"}
{"level":30,"time":"2022-05-05T17:01:01.541Z","pid":27110,"hostname":"punisher","msg":"Initializing BrowserWindow config: {\"show\":false,\"width\":1830,\"height\":970,\"minWidth\":712,\"minHeight\":550,\"autoHideMenuBar\":false,\"titleBarStyle\":\"default\",\"backgroundColor\":\"#3a76f0\",\"webPreferences\":{\"devTools\":false,\"spellcheck\":true,\"nodeIntegration\":false,\"nodeIntegrationInWorker\":false,\"contextIsolation\":false,\"preload\":\"[REDACTED]/preload.bundle.js\",\"nativeWindowOpen\":true,\"backgroundThrottling\":false,\"enablePreferredSizeMode\":true},\"icon\":\"[REDACTED]/images/signal-logo-desktop-linux.png\",\"x\":45,\"y\":65}"}
{"level":30,"time":"2022-05-05T17:01:01.601Z","pid":27110,"hostname":"punisher","msg":"spellcheck: user locale: en"}
{"level":30,"time":"2022-05-05T17:01:01.601Z","pid":27110,"hostname":"punisher","msg":"spellcheck: available spellchecker languages:  [\"af\",\"bg\",\"ca\",\"cs\",\"cy\",\"da\",\"de\",\"de-DE\",\"el\",\"en-AU\",\"en-CA\",\"en-GB\",\"en-GB-oxendict\",\"en-US\",\"es\",\"es-419\",\"es-AR\",\"es-ES\",\"es-MX\",\"es-US\",\"et\",\"fa\",\"fo\",\"fr\",\"fr-FR\",\"he\",\"hi\",\"hr\",\"hu\",\"hy\",\"id\",\"it\",\"it-IT\",\"ko\",\"lt\",\"lv\",\"nb\",\"nl\",\"pl\",\"pt\",\"pt-BR\",\"pt-PT\",\"ro\",\"ru\",\"sh\",\"sk\",\"sl\",\"sq\",\"sr\",\"sv\",\"ta\",\"tg\",\"tr\",\"uk\",\"vi\"]"}
{"level":30,"time":"2022-05-05T17:01:01.601Z","pid":27110,"hostname":"punisher","msg":"spellcheck: setting languages to:  [\"en-AU\",\"en-CA\",\"en-GB\",\"en-GB-oxendict\",\"en-US\"]"}
{"level":30,"time":"2022-05-05T17:01:01.608Z","pid":27110,"hostname":"punisher","msg":"MainSQL: updateSchema:\n  Current user_version: 55;\n  Most recent db schema: 55;\n  SQLite version: 3.37.2;\n  SQLCipher version: 4.5.1 community;\n  (deprecated) schema_version: 257;\n"}
{"level":30,"time":"2022-05-05T17:01:01.609Z","pid":27110,"hostname":"punisher","msg":"got fast spellcheck setting true"}
{"level":30,"time":"2022-05-05T17:01:01.615Z","pid":27110,"hostname":"punisher","msg":"System tray service: created"}
{"level":30,"time":"2022-05-05T17:01:01.615Z","pid":27110,"hostname":"punisher","msg":"System tray service: updating main window. Previously, there was not a window, and now there is"}
{"level":30,"time":"2022-05-05T17:01:01.615Z","pid":27110,"hostname":"punisher","msg":"System tray service: rendering no tray"}
{"level":30,"time":"2022-05-05T17:01:01.616Z","pid":27110,"hostname":"punisher","msg":"Begin ensuring permissions"}
{"level":30,"time":"2022-05-05T17:01:01.618Z","pid":27110,"hostname":"punisher","msg":"Ensuring file permissions for 4 files"}
{"level":30,"time":"2022-05-05T17:01:01.619Z","pid":27110,"hostname":"punisher","msg":"Finish ensuring permissions in 3ms"}
{"level":30,"time":"2022-05-05T17:01:02.500Z","pid":27110,"hostname":"punisher","msg":"main window is ready-to-show"}
{"level":30,"time":"2022-05-05T17:01:02.500Z","pid":27110,"hostname":"punisher","msg":"showing main window"}
{"level":30,"time":"2022-05-05T17:01:02.501Z","pid":27110,"hostname":"punisher","msg":"System tray service: rendering no tray"}
{"level":30,"time":"2022-05-05T17:01:02.843Z","pid":27110,"hostname":"punisher","msg":"sending `database-ready`"}
{"level":30,"time":"2022-05-05T17:01:02.937Z","pid":27110,"hostname":"punisher","msg":"Prevent display sleep service: allowing display sleep"}
{"level":30,"time":"2022-05-05T17:01:03.005Z","pid":27110,"hostname":"punisher","msg":"Updating BrowserWindow config: %s {\"maximized\":false,\"autoHideMenuBar\":false,\"fullscreen\":false,\"width\":1830,\"height\":970,\"x\":45,\"y\":65}"}
{"level":30,"time":"2022-05-05T17:01:03.006Z","pid":27110,"hostname":"punisher","msg":"config/set: Saving ephemeral config to disk"}
{"level":30,"time":"2022-05-05T17:01:03.006Z","pid":27110,"hostname":"punisher","msg":"config/set: Saved ephemeral config to disk"}
{"level":30,"time":"2022-05-05T17:01:03.818Z","pid":27110,"hostname":"punisher","msg":"updater/start: Updates disabled - not starting new version checks"}
{"level":30,"time":"2022-05-05T17:01:03.846Z","pid":27110,"hostname":"punisher","msg":"App loaded - time: 2311"}
{"level":30,"time":"2022-05-05T17:01:03.846Z","pid":27110,"hostname":"punisher","msg":"SQL init - time: 74"}
{"level":30,"time":"2022-05-05T17:01:03.846Z","pid":27110,"hostname":"punisher","msg":"Preload - time: 568"}
{"level":30,"time":"2022-05-05T17:01:03.846Z","pid":27110,"hostname":"punisher","msg":"WebSocket connect - time: 1063"}
{"level":30,"time":"2022-05-05T17:01:03.846Z","pid":27110,"hostname":"punisher","msg":"Processed count: 0"}
{"level":30,"time":"2022-05-05T17:01:03.846Z","pid":27110,"hostname":"punisher","msg":"Messages per second: 0"}
{"level":30,"time":"2022-05-05T17:01:11.827Z","pid":27110,"hostname":"punisher","msg":"Updating BrowserWindow config: %s {\"maximized\":false,\"autoHideMenuBar\":false,\"fullscreen\":false,\"width\":1830,\"height\":970,\"x\":-3663,\"y\":65}"}
{"level":30,"time":"2022-05-05T17:01:11.828Z","pid":27110,"hostname":"punisher","msg":"config/set: Saving ephemeral config to disk"}
{"level":30,"time":"2022-05-05T17:01:11.828Z","pid":27110,"hostname":"punisher","msg":"config/set: Saved ephemeral config to disk"}
{"level":30,"time":"2022-05-05T17:07:17.928Z","pid":27110,"hostname":"punisher","msg":"Updating BrowserWindow config: %s {\"maximized\":false,\"autoHideMenuBar\":false,\"fullscreen\":false,\"width\":1830,\"height\":970,\"x\":-3663,\"y\":65}"}
{"level":30,"time":"2022-05-05T17:07:17.929Z","pid":27110,"hostname":"punisher","msg":"config/set: Saving ephemeral config to disk"}
{"level":30,"time":"2022-05-05T17:07:17.929Z","pid":27110,"hostname":"punisher","msg":"config/set: Saved ephemeral config to disk"}
{"level":30,"time":"2022-05-05T17:08:23.613Z","pid":27110,"hostname":"punisher","msg":"Updating BrowserWindow config: %s {\"maximized\":false,\"autoHideMenuBar\":false,\"fullscreen\":false,\"width\":1830,\"height\":970,\"x\":45,\"y\":65}"}
{"level":30,"time":"2022-05-05T17:08:23.613Z","pid":27110,"hostname":"punisher","msg":"config/set: Saving ephemeral config to disk"}
{"level":30,"time":"2022-05-05T17:08:23.614Z","pid":27110,"hostname":"punisher","msg":"config/set: Saved ephemeral config to disk"}
{"level":30,"time":"2022-05-05T17:08:24.264Z","pid":27110,"hostname":"punisher","msg":"Updating BrowserWindow config: %s {\"maximized\":false,\"autoHideMenuBar\":false,\"fullscreen\":false,\"width\":1830,\"height\":970,\"x\":-3663,\"y\":65}"}
{"level":30,"time":"2022-05-05T17:08:24.265Z","pid":27110,"hostname":"punisher","msg":"config/set: Saving ephemeral config to disk"}
{"level":30,"time":"2022-05-05T17:08:24.266Z","pid":27110,"hostname":"punisher","msg":"config/set: Saved ephemeral config to disk"}
{"level":30,"time":"2022-05-05T17:08:27.508Z","pid":27110,"hostname":"punisher","msg":"Updating BrowserWindow config: %s {\"maximized\":false,\"autoHideMenuBar\":false,\"fullscreen\":false,\"width\":1830,\"height\":970,\"x\":45,\"y\":65}"}
{"level":30,"time":"2022-05-05T17:08:27.508Z","pid":27110,"hostname":"punisher","msg":"config/set: Saving ephemeral config to disk"}
{"level":30,"time":"2022-05-05T17:08:27.509Z","pid":27110,"hostname":"punisher","msg":"config/set: Saved ephemeral config to disk"}
{"level":30,"time":"2022-05-05T17:08:28.252Z","pid":27110,"hostname":"punisher","msg":"Updating BrowserWindow config: %s {\"maximized\":false,\"autoHideMenuBar\":false,\"fullscreen\":false,\"width\":1830,\"height\":970,\"x\":-3663,\"y\":65}"}
{"level":30,"time":"2022-05-05T17:08:28.252Z","pid":27110,"hostname":"punisher","msg":"config/set: Saving ephemeral config to disk"}
{"level":30,"time":"2022-05-05T17:08:28.253Z","pid":27110,"hostname":"punisher","msg":"config/set: Saved ephemeral config to disk"}
{"level":30,"time":"2022-05-05T17:10:16.477Z","pid":27110,"hostname":"punisher","msg":"Updating BrowserWindow config: %s {\"maximized\":false,\"autoHideMenuBar\":false,\"fullscreen\":false,\"width\":1830,\"height\":970,\"x\":45,\"y\":65}"}
{"level":30,"time":"2022-05-05T17:10:16.478Z","pid":27110,"hostname":"punisher","msg":"config/set: Saving ephemeral config to disk"}
{"level":30,"time":"2022-05-05T17:10:16.479Z","pid":27110,"hostname":"punisher","msg":"config/set: Saved ephemeral config to disk"}
{"level":30,"time":"2022-05-05T17:10:17.691Z","pid":27110,"hostname":"punisher","msg":"close event {\"readyForShutdown\":false,\"shouldQuit\":false}"}
{"level":30,"time":"2022-05-05T17:10:17.692Z","pid":27110,"hostname":"punisher","msg":"System tray service: rendering no tray"}
{"level":30,"time":"2022-05-05T17:10:17.693Z","pid":27110,"hostname":"punisher","msg":"requestShutdown: Requesting close of mainWindow..."}
{"level":30,"time":"2022-05-05T17:10:17.717Z","pid":27110,"hostname":"punisher","msg":"requestShutdown: Response received"}
{"level":30,"time":"2022-05-05T17:10:17.718Z","pid":27110,"hostname":"punisher","msg":"before-quit event {\"readyForShutdown\":true,\"shouldQuit\":false}"}
{"level":30,"time":"2022-05-05T17:10:17.718Z","pid":27110,"hostname":"punisher","msg":"System tray service: markShouldQuit"}
{"level":30,"time":"2022-05-05T17:10:17.719Z","pid":27110,"hostname":"punisher","msg":"close event {\"readyForShutdown\":true,\"shouldQuit\":true}"}
{"level":30,"time":"2022-05-05T17:10:17.722Z","pid":27110,"hostname":"punisher","msg":"System tray service: updating main window. Previously, there was a window, and now there is not"}
{"level":30,"time":"2022-05-05T17:10:17.722Z","pid":27110,"hostname":"punisher","msg":"System tray service: rendering no tray"}
{"level":30,"time":"2022-05-05T22:44:26.768Z","pid":3110,"hostname":"punisher","msg":"app ready"}
{"level":30,"time":"2022-05-05T22:44:26.769Z","pid":3110,"hostname":"punisher","msg":"starting version 5.41.0"}
{"level":30,"time":"2022-05-05T22:44:26.769Z","pid":3110,"hostname":"punisher","msg":"media access status [object Undefined] [object Undefined]"}
{"level":30,"time":"2022-05-05T22:44:26.770Z","pid":3110,"hostname":"punisher","msg":"got fast spellcheck setting true"}
{"level":30,"time":"2022-05-05T22:44:26.771Z","pid":3110,"hostname":"punisher","msg":"getSystemTraySetting had no flags and did no DB lookups. Returning DoNotUseSystemTray"}
{"level":30,"time":"2022-05-05T22:44:26.771Z","pid":3110,"hostname":"punisher","msg":"Initializing BrowserWindow config: {\"show\":false,\"width\":1830,\"height\":970,\"minWidth\":712,\"minHeight\":550,\"autoHideMenuBar\":false,\"titleBarStyle\":\"default\",\"backgroundColor\":\"#3a76f0\",\"webPreferences\":{\"devTools\":false,\"spellcheck\":true,\"nodeIntegration\":false,\"nodeIntegrationInWorker\":false,\"contextIsolation\":false,\"preload\":\"[REDACTED]/preload.bundle.js\",\"nativeWindowOpen\":true,\"backgroundThrottling\":false,\"enablePreferredSizeMode\":true},\"icon\":\"[REDACTED]/images/signal-logo-desktop-linux.png\",\"x\":45,\"y\":65}"}
{"level":30,"time":"2022-05-05T22:44:26.860Z","pid":3110,"hostname":"punisher","msg":"spellcheck: user locale: en"}
{"level":30,"time":"2022-05-05T22:44:26.861Z","pid":3110,"hostname":"punisher","msg":"spellcheck: available spellchecker languages:  [\"af\",\"bg\",\"ca\",\"cs\",\"cy\",\"da\",\"de\",\"de-DE\",\"el\",\"en-AU\",\"en-CA\",\"en-GB\",\"en-GB-oxendict\",\"en-US\",\"es\",\"es-419\",\"es-AR\",\"es-ES\",\"es-MX\",\"es-US\",\"et\",\"fa\",\"fo\",\"fr\",\"fr-FR\",\"he\",\"hi\",\"hr\",\"hu\",\"hy\",\"id\",\"it\",\"it-IT\",\"ko\",\"lt\",\"lv\",\"nb\",\"nl\",\"pl\",\"pt\",\"pt-BR\",\"pt-PT\",\"ro\",\"ru\",\"sh\",\"sk\",\"sl\",\"sq\",\"sr\",\"sv\",\"ta\",\"tg\",\"tr\",\"uk\",\"vi\"]"}
{"level":30,"time":"2022-05-05T22:44:26.861Z","pid":3110,"hostname":"punisher","msg":"spellcheck: setting languages to:  [\"en-AU\",\"en-CA\",\"en-GB\",\"en-GB-oxendict\",\"en-US\"]"}
{"level":30,"time":"2022-05-05T22:44:26.873Z","pid":3110,"hostname":"punisher","msg":"MainSQL: updateSchema:\n  Current user_version: 55;\n  Most recent db schema: 55;\n  SQLite version: 3.37.2;\n  SQLCipher version: 4.5.1 community;\n  (deprecated) schema_version: 257;\n"}
{"level":30,"time":"2022-05-05T22:44:26.873Z","pid":3110,"hostname":"punisher","msg":"got fast spellcheck setting true"}
{"level":30,"time":"2022-05-05T22:44:26.881Z","pid":3110,"hostname":"punisher","msg":"System tray service: created"}
{"level":30,"time":"2022-05-05T22:44:26.881Z","pid":3110,"hostname":"punisher","msg":"System tray service: updating main window. Previously, there was not a window, and now there is"}
{"level":30,"time":"2022-05-05T22:44:26.881Z","pid":3110,"hostname":"punisher","msg":"System tray service: rendering no tray"}
{"level":30,"time":"2022-05-05T22:44:26.881Z","pid":3110,"hostname":"punisher","msg":"Begin ensuring permissions"}
{"level":30,"time":"2022-05-05T22:44:26.885Z","pid":3110,"hostname":"punisher","msg":"Ensuring file permissions for 4 files"}
{"level":30,"time":"2022-05-05T22:44:26.887Z","pid":3110,"hostname":"punisher","msg":"Finish ensuring permissions in 6ms"}
{"level":30,"time":"2022-05-05T22:44:28.093Z","pid":3110,"hostname":"punisher","msg":"main window is ready-to-show"}
{"level":30,"time":"2022-05-05T22:44:28.094Z","pid":3110,"hostname":"punisher","msg":"showing main window"}
{"level":30,"time":"2022-05-05T22:44:28.095Z","pid":3110,"hostname":"punisher","msg":"System tray service: rendering no tray"}
{"level":30,"time":"2022-05-05T22:44:28.433Z","pid":3110,"hostname":"punisher","msg":"sending `database-ready`"}
{"level":30,"time":"2022-05-05T22:44:28.542Z","pid":3110,"hostname":"punisher","msg":"Prevent display sleep service: allowing display sleep"}
{"level":30,"time":"2022-05-05T22:44:28.605Z","pid":3110,"hostname":"punisher","msg":"Updating BrowserWindow config: %s {\"maximized\":false,\"autoHideMenuBar\":false,\"fullscreen\":false,\"width\":1049,\"height\":1038,\"x\":11,\"y\":31}"}
{"level":30,"time":"2022-05-05T22:44:28.606Z","pid":3110,"hostname":"punisher","msg":"config/set: Saving ephemeral config to disk"}
{"level":30,"time":"2022-05-05T22:44:28.607Z","pid":3110,"hostname":"punisher","msg":"config/set: Saved ephemeral config to disk"}
{"level":30,"time":"2022-05-05T22:44:29.614Z","pid":3110,"hostname":"punisher","msg":"updater/start: Updates disabled - not starting new version checks"}
{"level":30,"time":"2022-05-05T22:44:29.667Z","pid":3110,"hostname":"punisher","msg":"App loaded - time: 2906"}
{"level":30,"time":"2022-05-05T22:44:29.667Z","pid":3110,"hostname":"punisher","msg":"SQL init - time: 112"}
{"level":30,"time":"2022-05-05T22:44:29.667Z","pid":3110,"hostname":"punisher","msg":"Preload - time: 666"}
{"level":30,"time":"2022-05-05T22:44:29.667Z","pid":3110,"hostname":"punisher","msg":"WebSocket connect - time: 1092"}
{"level":30,"time":"2022-05-05T22:44:29.667Z","pid":3110,"hostname":"punisher","msg":"Processed count: 3"}
{"level":30,"time":"2022-05-05T22:44:29.667Z","pid":3110,"hostname":"punisher","msg":"Messages per second: 2.6132404181184667"}
{"level":30,"time":"2022-05-05T22:44:32.276Z","pid":3110,"hostname":"punisher","msg":"Updating BrowserWindow config: %s {\"maximized\":false,\"autoHideMenuBar\":false,\"fullscreen\":false,\"width\":1898,\"height\":1038,\"x\":11,\"y\":31}"}
{"level":30,"time":"2022-05-05T22:44:32.277Z","pid":3110,"hostname":"punisher","msg":"config/set: Saving ephemeral config to disk"}
{"level":30,"time":"2022-05-05T22:44:32.278Z","pid":3110,"hostname":"punisher","msg":"config/set: Saved ephemeral config to disk"}
{"level":30,"time":"2022-05-05T22:45:05.000Z","pid":3110,"hostname":"punisher","msg":"close event {\"readyForShutdown\":false,\"shouldQuit\":false}"}
{"level":30,"time":"2022-05-05T22:45:05.001Z","pid":3110,"hostname":"punisher","msg":"System tray service: rendering no tray"}
{"level":30,"time":"2022-05-05T22:45:05.002Z","pid":3110,"hostname":"punisher","msg":"requestShutdown: Requesting close of mainWindow..."}
{"level":30,"time":"2022-05-05T22:45:05.041Z","pid":3110,"hostname":"punisher","msg":"requestShutdown: Response received"}
{"level":30,"time":"2022-05-05T22:45:05.048Z","pid":3110,"hostname":"punisher","msg":"before-quit event {\"readyForShutdown\":true,\"shouldQuit\":false}"}
{"level":30,"time":"2022-05-05T22:45:05.049Z","pid":3110,"hostname":"punisher","msg":"System tray service: markShouldQuit"}
{"level":30,"time":"2022-05-05T22:45:05.049Z","pid":3110,"hostname":"punisher","msg":"close event {\"readyForShutdown\":true,\"shouldQuit\":true}"}
{"level":30,"time":"2022-05-05T22:45:05.057Z","pid":3110,"hostname":"punisher","msg":"System tray service: updating main window. Previously, there was a window, and now there is not"}
{"level":30,"time":"2022-05-05T22:45:05.058Z","pid":3110,"hostname":"punisher","msg":"System tray service: rendering no tray"}
